{"/Users/chetansingh/personal/ShoppingCart/src/app.ts": {"path":"/Users/chetansingh/personal/ShoppingCart/src/app.ts","statementMap":{"0":{"start":{"line":1,"column":0},"end":{"line":1,"column":47}},"1":{"start":{"line":2,"column":0},"end":{"line":2,"column":50}},"2":{"start":{"line":3,"column":0},"end":{"line":3,"column":43}},"3":{"start":{"line":4,"column":0},"end":{"line":4,"column":60}},"4":{"start":{"line":6,"column":25},"end":{"line":6,"column":34}},"5":{"start":{"line":8,"column":0},"end":{"line":8,"column":24}},"6":{"start":{"line":9,"column":0},"end":{"line":9,"column":68}},"7":{"start":{"line":11,"column":0},"end":{"line":11,"column":24}},"8":{"start":{"line":13,"column":13},"end":{"line":13,"column":37}},"9":{"start":{"line":15,"column":15},"end":{"line":17,"column":2}},"10":{"start":{"line":16,"column":2},"end":{"line":16,"column":48}},"11":{"start":{"line":19,"column":0},"end":{"line":19,"column":22}}},"fnMap":{"0":{"name":"(anonymous_7)","decl":{"start":{"line":15,"column":32},"end":{"line":15,"column":35}},"loc":{"start":{"line":15,"column":37},"end":{"line":17,"column":1}}}},"branchMap":{"0":{"loc":{"start":{"line":13,"column":13},"end":{"line":13,"column":37}},"type":"binary-expr","locations":[{"start":{"line":13,"column":13},"end":{"line":13,"column":29}},{"start":{"line":13,"column":33},"end":{"line":13,"column":37}}]}},"s":{"0":1,"1":1,"2":1,"3":1,"4":1,"5":1,"6":1,"7":1,"8":1,"9":1,"10":1,"11":1},"f":{"0":1},"b":{"0":[1,1]}}
,"/Users/chetansingh/personal/ShoppingCart/src/checkoutController.ts": {"path":"/Users/chetansingh/personal/ShoppingCart/src/checkoutController.ts","statementMap":{"0":{"start":{"line":3,"column":18},"end":{"line":3,"column":45}},"1":{"start":{"line":4,"column":19},"end":{"line":4,"column":47}},"2":{"start":{"line":21,"column":24},"end":{"line":21,"column":89}},"3":{"start":{"line":21,"column":61},"end":{"line":21,"column":88}},"4":{"start":{"line":22,"column":2},"end":{"line":24,"column":null}},"5":{"start":{"line":23,"column":4},"end":{"line":23,"column":97}},"6":{"start":{"line":25,"column":38},"end":{"line":25,"column":105}},"7":{"start":{"line":25,"column":71},"end":{"line":25,"column":104}},"8":{"start":{"line":26,"column":2},"end":{"line":32,"column":null}},"9":{"start":{"line":27,"column":4},"end":{"line":31,"column":null}},"10":{"start":{"line":28,"column":22},"end":{"line":28,"column":42}},"11":{"start":{"line":29,"column":27},"end":{"line":29,"column":73}},"12":{"start":{"line":30,"column":6},"end":{"line":30,"column":97}},"13":{"start":{"line":36,"column":25},"end":{"line":36,"column":147}},"14":{"start":{"line":37,"column":2},"end":{"line":37,"column":45}},"15":{"start":{"line":41,"column":21},"end":{"line":41,"column":37}},"16":{"start":{"line":42,"column":2},"end":{"line":42,"column":58}},"17":{"start":{"line":47,"column":23},"end":{"line":47,"column":24}},"18":{"start":{"line":48,"column":2},"end":{"line":53,"column":null}},"19":{"start":{"line":49,"column":25},"end":{"line":49,"column":43}},"20":{"start":{"line":50,"column":26},"end":{"line":50,"column":79}},"21":{"start":{"line":50,"column":58},"end":{"line":50,"column":78}},"22":{"start":{"line":51,"column":22},"end":{"line":51,"column":44}},"23":{"start":{"line":52,"column":4},"end":{"line":52,"column":47}},"24":{"start":{"line":54,"column":2},"end":{"line":54,"column":24}},"25":{"start":{"line":59,"column":16},"end":{"line":59,"column":24}},"26":{"start":{"line":60,"column":31},"end":{"line":60,"column":33}},"27":{"start":{"line":62,"column":2},"end":{"line":124,"column":null}},"28":{"start":{"line":63,"column":22},"end":{"line":63,"column":23}},"29":{"start":{"line":64,"column":33},"end":{"line":64,"column":34}},"30":{"start":{"line":65,"column":30},"end":{"line":65,"column":31}},"31":{"start":{"line":67,"column":22},"end":{"line":76,"column":10}},"32":{"start":{"line":68,"column":32},"end":{"line":68,"column":76}},"33":{"start":{"line":68,"column":59},"end":{"line":68,"column":75}},"34":{"start":{"line":70,"column":6},"end":{"line":74,"column":null}},"35":{"start":{"line":71,"column":8},"end":{"line":71,"column":42}},"36":{"start":{"line":73,"column":8},"end":{"line":73,"column":46}},"37":{"start":{"line":75,"column":6},"end":{"line":75,"column":17}},"38":{"start":{"line":79,"column":27},"end":{"line":79,"column":85}},"39":{"start":{"line":79,"column":59},"end":{"line":79,"column":84}},"40":{"start":{"line":80,"column":4},"end":{"line":83,"column":null}},"41":{"start":{"line":81,"column":6},"end":{"line":81,"column":91}},"42":{"start":{"line":82,"column":6},"end":{"line":82,"column":13}},"43":{"start":{"line":85,"column":4},"end":{"line":112,"column":7}},"44":{"start":{"line":86,"column":29},"end":{"line":86,"column":30}},"45":{"start":{"line":87,"column":6},"end":{"line":92,"column":null}},"46":{"start":{"line":88,"column":8},"end":{"line":88,"column":64}},"47":{"start":{"line":90,"column":8},"end":{"line":90,"column":57}},"48":{"start":{"line":91,"column":8},"end":{"line":91,"column":15}},"49":{"start":{"line":94,"column":28},"end":{"line":94,"column":93}},"50":{"start":{"line":94,"column":65},"end":{"line":94,"column":92}},"51":{"start":{"line":95,"column":6},"end":{"line":97,"column":null}},"52":{"start":{"line":96,"column":8},"end":{"line":96,"column":119}},"53":{"start":{"line":98,"column":24},"end":{"line":98,"column":46}},"54":{"start":{"line":100,"column":42},"end":{"line":100,"column":109}},"55":{"start":{"line":100,"column":75},"end":{"line":100,"column":108}},"56":{"start":{"line":101,"column":6},"end":{"line":107,"column":null}},"57":{"start":{"line":102,"column":8},"end":{"line":106,"column":null}},"58":{"start":{"line":103,"column":10},"end":{"line":103,"column":99}},"59":{"start":{"line":104,"column":15},"end":{"line":106,"column":null}},"60":{"start":{"line":105,"column":10},"end":{"line":105,"column":97}},"61":{"start":{"line":108,"column":6},"end":{"line":108,"column":51}},"62":{"start":{"line":109,"column":6},"end":{"line":109,"column":33}},"63":{"start":{"line":110,"column":6},"end":{"line":110,"column":44}},"64":{"start":{"line":111,"column":6},"end":{"line":111,"column":46}},"65":{"start":{"line":115,"column":25},"end":{"line":115,"column":68}},"66":{"start":{"line":116,"column":4},"end":{"line":116,"column":35}},"67":{"start":{"line":118,"column":4},"end":{"line":118,"column":73}},"68":{"start":{"line":120,"column":4},"end":{"line":120,"column":70}},"69":{"start":{"line":122,"column":4},"end":{"line":122,"column":25}},"70":{"start":{"line":123,"column":4},"end":{"line":123,"column":67}},"71":{"start":{"line":127,"column":9},"end":{"line":127,"column":17}}},"fnMap":{"0":{"name":"calculateGiftItems","decl":{"start":{"line":20,"column":9},"end":{"line":20,"column":27}},"loc":{"start":{"line":20,"column":84},"end":{"line":33,"column":1}}},"1":{"name":"(anonymous_8)","decl":{"start":{"line":21,"column":46},"end":{"line":21,"column":47}},"loc":{"start":{"line":21,"column":61},"end":{"line":21,"column":88}}},"2":{"name":"(anonymous_9)","decl":{"start":{"line":25,"column":56},"end":{"line":25,"column":57}},"loc":{"start":{"line":25,"column":71},"end":{"line":25,"column":104}}},"3":{"name":"calculateDiscountWithBulkPurchase","decl":{"start":{"line":35,"column":9},"end":{"line":35,"column":42}},"loc":{"start":{"line":35,"column":96},"end":{"line":38,"column":1}}},"4":{"name":"calculateDiscountWithPercentage","decl":{"start":{"line":40,"column":9},"end":{"line":40,"column":40}},"loc":{"start":{"line":40,"column":94},"end":{"line":43,"column":1}}},"5":{"name":"calculateGiftDiscount","decl":{"start":{"line":46,"column":9},"end":{"line":46,"column":30}},"loc":{"start":{"line":46,"column":67},"end":{"line":55,"column":1}}},"6":{"name":"(anonymous_13)","decl":{"start":{"line":50,"column":43},"end":{"line":50,"column":44}},"loc":{"start":{"line":50,"column":58},"end":{"line":50,"column":78}}},"7":{"name":"checkout","decl":{"start":{"line":58,"column":15},"end":{"line":58,"column":23}},"loc":{"start":{"line":58,"column":51},"end":{"line":125,"column":null}}},"8":{"name":"(anonymous_16)","decl":{"start":{"line":67,"column":35},"end":{"line":67,"column":36}},"loc":{"start":{"line":67,"column":59},"end":{"line":76,"column":5}}},"9":{"name":"(anonymous_17)","decl":{"start":{"line":68,"column":46},"end":{"line":68,"column":47}},"loc":{"start":{"line":68,"column":59},"end":{"line":68,"column":75}}},"10":{"name":"(anonymous_18)","decl":{"start":{"line":79,"column":44},"end":{"line":79,"column":45}},"loc":{"start":{"line":79,"column":59},"end":{"line":79,"column":84}}},"11":{"name":"(anonymous_19)","decl":{"start":{"line":85,"column":18},"end":{"line":85,"column":19}},"loc":{"start":{"line":85,"column":36},"end":{"line":112,"column":5}}},"12":{"name":"(anonymous_20)","decl":{"start":{"line":94,"column":50},"end":{"line":94,"column":51}},"loc":{"start":{"line":94,"column":65},"end":{"line":94,"column":92}}},"13":{"name":"(anonymous_21)","decl":{"start":{"line":100,"column":60},"end":{"line":100,"column":61}},"loc":{"start":{"line":100,"column":75},"end":{"line":100,"column":108}}}},"branchMap":{"0":{"loc":{"start":{"line":22,"column":2},"end":{"line":24,"column":null}},"type":"if","locations":[{"start":{"line":22,"column":2},"end":{"line":24,"column":null}}]},"1":{"loc":{"start":{"line":22,"column":6},"end":{"line":22,"column":78}},"type":"binary-expr","locations":[{"start":{"line":22,"column":6},"end":{"line":22,"column":32}},{"start":{"line":22,"column":36},"end":{"line":22,"column":78}}]},"2":{"loc":{"start":{"line":26,"column":2},"end":{"line":32,"column":null}},"type":"if","locations":[{"start":{"line":26,"column":2},"end":{"line":32,"column":null}}]},"3":{"loc":{"start":{"line":27,"column":4},"end":{"line":31,"column":null}},"type":"if","locations":[{"start":{"line":27,"column":4},"end":{"line":31,"column":null}}]},"4":{"loc":{"start":{"line":30,"column":27},"end":{"line":30,"column":96}},"type":"cond-expr","locations":[{"start":{"line":30,"column":48},"end":{"line":30,"column":81}},{"start":{"line":30,"column":84},"end":{"line":30,"column":96}}]},"5":{"loc":{"start":{"line":70,"column":6},"end":{"line":74,"column":null}},"type":"if","locations":[{"start":{"line":70,"column":6},"end":{"line":74,"column":null}},{"start":{"line":72,"column":13},"end":{"line":74,"column":null}}]},"6":{"loc":{"start":{"line":80,"column":4},"end":{"line":83,"column":null}},"type":"if","locations":[{"start":{"line":80,"column":4},"end":{"line":83,"column":null}}]},"7":{"loc":{"start":{"line":95,"column":6},"end":{"line":97,"column":null}},"type":"if","locations":[{"start":{"line":95,"column":6},"end":{"line":97,"column":null}}]},"8":{"loc":{"start":{"line":95,"column":10},"end":{"line":95,"column":82}},"type":"binary-expr","locations":[{"start":{"line":95,"column":10},"end":{"line":95,"column":36}},{"start":{"line":95,"column":40},"end":{"line":95,"column":82}}]},"9":{"loc":{"start":{"line":101,"column":6},"end":{"line":107,"column":null}},"type":"if","locations":[{"start":{"line":101,"column":6},"end":{"line":107,"column":null}}]},"10":{"loc":{"start":{"line":102,"column":8},"end":{"line":106,"column":null}},"type":"if","locations":[{"start":{"line":102,"column":8},"end":{"line":106,"column":null}},{"start":{"line":104,"column":15},"end":{"line":106,"column":null}}]},"11":{"loc":{"start":{"line":102,"column":12},"end":{"line":102,"column":76}},"type":"binary-expr","locations":[{"start":{"line":102,"column":12},"end":{"line":102,"column":44}},{"start":{"line":102,"column":48},"end":{"line":102,"column":76}}]},"12":{"loc":{"start":{"line":104,"column":15},"end":{"line":106,"column":null}},"type":"if","locations":[{"start":{"line":104,"column":15},"end":{"line":106,"column":null}}]},"13":{"loc":{"start":{"line":104,"column":19},"end":{"line":104,"column":133}},"type":"binary-expr","locations":[{"start":{"line":104,"column":19},"end":{"line":104,"column":48}},{"start":{"line":104,"column":52},"end":{"line":104,"column":80}},{"start":{"line":104,"column":84},"end":{"line":104,"column":133}}]}},"s":{"0":2,"1":2,"2":8,"3":12,"4":8,"5":0,"6":8,"7":24,"8":8,"9":6,"10":2,"11":2,"12":2,"13":2,"14":2,"15":2,"16":2,"17":6,"18":6,"19":2,"20":2,"21":8,"22":2,"23":2,"24":6,"25":8,"26":8,"27":8,"28":8,"29":8,"30":8,"31":8,"32":20,"33":12,"34":20,"35":8,"36":12,"37":20,"38":8,"39":32,"40":8,"41":2,"42":2,"43":6,"44":8,"45":8,"46":8,"47":0,"48":0,"49":8,"50":12,"51":8,"52":0,"53":8,"54":8,"55":24,"56":8,"57":6,"58":2,"59":4,"60":2,"61":8,"62":8,"63":8,"64":8,"65":6,"66":6,"67":6,"68":6,"69":0,"70":0,"71":2},"f":{"0":8,"1":12,"2":24,"3":2,"4":2,"5":6,"6":8,"7":8,"8":20,"9":12,"10":32,"11":8,"12":12,"13":24},"b":{"0":[0],"1":[8,8],"2":[6],"3":[2],"4":[0,2],"5":[8,12],"6":[2],"7":[0],"8":[8,8],"9":[6],"10":[2,4],"11":[6,2],"12":[2],"13":[4,2,2]}}
,"/Users/chetansingh/personal/ShoppingCart/src/checkoutRouter.ts": {"path":"/Users/chetansingh/personal/ShoppingCart/src/checkoutRouter.ts","statementMap":{"0":{"start":{"line":2,"column":0},"end":{"line":2,"column":53}},"1":{"start":{"line":3,"column":0},"end":{"line":3,"column":48}},"2":{"start":{"line":5,"column":15},"end":{"line":5,"column":31}},"3":{"start":{"line":16,"column":9},"end":{"line":16,"column":15}},"4":{"start":{"line":7,"column":0},"end":{"line":14,"column":3}},"5":{"start":{"line":7,"column":63},"end":{"line":14,"column":2}},"6":{"start":{"line":8,"column":2},"end":{"line":13,"column":null}},"7":{"start":{"line":9,"column":4},"end":{"line":9,"column":29}},"8":{"start":{"line":11,"column":4},"end":{"line":11,"column":25}},"9":{"start":{"line":12,"column":4},"end":{"line":12,"column":67}}},"fnMap":{"0":{"name":"(anonymous_8)","decl":{"start":{"line":7,"column":25},"end":{"line":7,"column":32}},"loc":{"start":{"line":7,"column":63},"end":{"line":14,"column":2}}},"1":{"name":"(anonymous_9)","decl":{"start":{"line":7,"column":63},"end":{"line":7,"column":null}},"loc":{"start":{"line":7,"column":63},"end":{"line":14,"column":1}}}},"branchMap":{},"s":{"0":1,"1":1,"2":1,"3":1,"4":1,"5":4,"6":4,"7":4,"8":0,"9":0},"f":{"0":4,"1":4},"b":{}}
,"/Users/chetansingh/personal/ShoppingCart/src/data/inventory.ts": {"path":"/Users/chetansingh/personal/ShoppingCart/src/data/inventory.ts","statementMap":{"0":{"start":{"line":2,"column":18},"end":{"line":7,"column":2}},"1":{"start":{"line":9,"column":0},"end":{"line":9,"column":27}}},"fnMap":{},"branchMap":{},"s":{"0":2,"1":2},"f":{},"b":{}}
,"/Users/chetansingh/personal/ShoppingCart/src/data/promotions.ts": {"path":"/Users/chetansingh/personal/ShoppingCart/src/data/promotions.ts","statementMap":{"0":{"start":{"line":2,"column":19},"end":{"line":6,"column":2}},"1":{"start":{"line":8,"column":0},"end":{"line":8,"column":28}}},"fnMap":{},"branchMap":{},"s":{"0":2,"1":2},"f":{},"b":{}}
}
