TN:
SF:src/app.ts
FN:15,(anonymous_7)
FNF:1
FNH:1
FNDA:1,(anonymous_7)
DA:1,1
DA:2,1
DA:3,1
DA:4,1
DA:6,1
DA:8,1
DA:9,1
DA:11,1
DA:13,1
DA:15,1
DA:16,1
DA:19,1
LF:12
LH:12
BRDA:13,0,0,1
BRDA:13,0,1,1
BRF:2
BRH:2
end_of_record
TN:
SF:src/checkoutController.ts
FN:20,calculateGiftItems
FN:21,(anonymous_8)
FN:25,(anonymous_9)
FN:35,calculateDiscountWithBulkPurchase
FN:40,calculateDiscountWithPercentage
FN:46,calculateGiftDiscount
FN:50,(anonymous_13)
FN:58,checkout
FN:67,(anonymous_16)
FN:68,(anonymous_17)
FN:79,(anonymous_18)
FN:85,(anonymous_19)
FN:94,(anonymous_20)
FN:100,(anonymous_21)
FNF:14
FNH:14
FNDA:8,calculateGiftItems
FNDA:12,(anonymous_8)
FNDA:24,(anonymous_9)
FNDA:2,calculateDiscountWithBulkPurchase
FNDA:2,calculateDiscountWithPercentage
FNDA:6,calculateGiftDiscount
FNDA:8,(anonymous_13)
FNDA:8,checkout
FNDA:20,(anonymous_16)
FNDA:12,(anonymous_17)
FNDA:32,(anonymous_18)
FNDA:8,(anonymous_19)
FNDA:12,(anonymous_20)
FNDA:24,(anonymous_21)
DA:3,2
DA:4,2
DA:21,12
DA:22,8
DA:23,0
DA:25,24
DA:26,8
DA:27,6
DA:28,2
DA:29,2
DA:30,2
DA:36,2
DA:37,2
DA:41,2
DA:42,2
DA:47,6
DA:48,6
DA:49,2
DA:50,8
DA:51,2
DA:52,2
DA:54,6
DA:59,8
DA:60,8
DA:62,8
DA:63,8
DA:64,8
DA:65,8
DA:67,8
DA:68,20
DA:70,20
DA:71,8
DA:73,12
DA:75,20
DA:79,32
DA:80,8
DA:81,2
DA:82,2
DA:85,6
DA:86,8
DA:87,8
DA:88,8
DA:90,0
DA:91,0
DA:94,12
DA:95,8
DA:96,0
DA:98,8
DA:100,24
DA:101,8
DA:102,6
DA:103,2
DA:104,4
DA:105,2
DA:108,8
DA:109,8
DA:110,8
DA:111,8
DA:115,6
DA:116,6
DA:118,6
DA:120,6
DA:122,0
DA:123,0
DA:127,2
LF:65
LH:59
BRDA:22,0,0,0
BRDA:22,1,0,8
BRDA:22,1,1,8
BRDA:26,2,0,6
BRDA:27,3,0,2
BRDA:30,4,0,0
BRDA:30,4,1,2
BRDA:70,5,0,8
BRDA:70,5,1,12
BRDA:80,6,0,2
BRDA:95,7,0,0
BRDA:95,8,0,8
BRDA:95,8,1,8
BRDA:101,9,0,6
BRDA:102,10,0,2
BRDA:102,10,1,4
BRDA:102,11,0,6
BRDA:102,11,1,2
BRDA:104,12,0,2
BRDA:104,13,0,4
BRDA:104,13,1,2
BRDA:104,13,2,2
BRF:22
BRH:19
end_of_record
TN:
SF:src/checkoutRouter.ts
FN:7,(anonymous_8)
FN:7,(anonymous_9)
FNF:2
FNH:2
FNDA:4,(anonymous_8)
FNDA:4,(anonymous_9)
DA:2,1
DA:3,1
DA:5,1
DA:7,4
DA:8,4
DA:9,4
DA:11,0
DA:12,0
DA:16,1
LF:9
LH:7
BRF:0
BRH:0
end_of_record
TN:
SF:src/data/inventory.ts
FNF:0
FNH:0
DA:2,2
DA:9,2
LF:2
LH:2
BRF:0
BRH:0
end_of_record
TN:
SF:src/data/promotions.ts
FNF:0
FNH:0
DA:2,2
DA:8,2
LF:2
LH:2
BRF:0
BRH:0
end_of_record
